[2015-06-22 20:52:18,984][INFO ][node                     ] [Anne-Marie Cortez] version[1.3.4], pid[2254], build[a70f3cc/2014-09-30T09:07:17Z]
[2015-06-22 20:52:18,984][INFO ][node                     ] [Anne-Marie Cortez] initializing ...
[2015-06-22 20:52:18,988][INFO ][plugins                  ] [Anne-Marie Cortez] loaded [], sites []
[2015-06-22 20:52:21,145][INFO ][node                     ] [Anne-Marie Cortez] initialized
[2015-06-22 20:52:21,145][INFO ][node                     ] [Anne-Marie Cortez] starting ...
[2015-06-22 20:52:21,235][INFO ][transport                ] [Anne-Marie Cortez] bound_address {inet[/0:0:0:0:0:0:0:0:9300]}, publish_address {inet[/192.168.1.133:9300]}
[2015-06-22 20:52:21,265][INFO ][discovery                ] [Anne-Marie Cortez] elasticsearch/hNYU3fSGRQKLGIOYPQPd2g
[2015-06-22 20:52:24,280][INFO ][cluster.service          ] [Anne-Marie Cortez] new_master [Anne-Marie Cortez][hNYU3fSGRQKLGIOYPQPd2g][myshytfui-MBP][inet[/192.168.1.133:9300]], reason: zen-disco-join (elected_as_master)
[2015-06-22 20:52:24,298][INFO ][http                     ] [Anne-Marie Cortez] bound_address {inet[/0:0:0:0:0:0:0:0:9200]}, publish_address {inet[/192.168.1.133:9200]}
[2015-06-22 20:52:24,298][INFO ][node                     ] [Anne-Marie Cortez] started
[2015-06-22 20:52:24,310][INFO ][gateway                  ] [Anne-Marie Cortez] recovered [0] indices into cluster_state
[2015-06-22 20:53:13,541][INFO ][cluster.metadata         ] [Anne-Marie Cortez] [posts] creating index, cause [auto(index api)], shards [5]/[1], mappings []
[2015-06-22 20:53:13,839][INFO ][cluster.metadata         ] [Anne-Marie Cortez] [posts] update_mapping [blog] (dynamic)
[2015-06-22 22:36:21,208][INFO ][cluster.metadata         ] [Anne-Marie Cortez] [search] creating index, cause [auto(index api)], shards [5]/[1], mappings []
[2015-06-22 22:36:21,262][INFO ][cluster.metadata         ] [Anne-Marie Cortez] [search] update_mapping [mysql] (dynamic)
[2015-06-22 22:40:48,826][INFO ][cluster.metadata         ] [Anne-Marie Cortez] [search] update_mapping [mysql] (dynamic)
[2015-06-22 22:40:54,654][DEBUG][action.search.type       ] [Anne-Marie Cortez] [search][4], node[hNYU3fSGRQKLGIOYPQPd2g], [P], s[STARTED]: Failed to execute [org.elasticsearch.action.search.SearchRequest@5d2d21b4] lastShard [true]
org.elasticsearch.search.SearchParseException: [search][4]: from[-1],size[-1]: Parse Failure [Failed to parse source [{"query":{"query_string":{"query":"id:'1'","lowercase_expanded_terms":true,"analyze_wildcard":false}}}]]
	at org.elasticsearch.search.SearchService.parseSource(SearchService.java:660)
	at org.elasticsearch.search.SearchService.createContext(SearchService.java:517)
	at org.elasticsearch.search.SearchService.createAndPutContext(SearchService.java:488)
	at org.elasticsearch.search.SearchService.executeQueryPhase(SearchService.java:257)
	at org.elasticsearch.search.action.SearchServiceTransportAction$5.call(SearchServiceTransportAction.java:206)
	at org.elasticsearch.search.action.SearchServiceTransportAction$5.call(SearchServiceTransportAction.java:203)
	at org.elasticsearch.search.action.SearchServiceTransportAction$23.run(SearchServiceTransportAction.java:517)
	at java.util.concurrent.ThreadPoolExecutor.runWorker(ThreadPoolExecutor.java:1142)
	at java.util.concurrent.ThreadPoolExecutor$Worker.run(ThreadPoolExecutor.java:617)
	at java.lang.Thread.run(Thread.java:745)
Caused by: java.lang.NumberFormatException: For input string: "'1'"
	at java.lang.NumberFormatException.forInputString(NumberFormatException.java:65)
	at java.lang.Long.parseLong(Long.java:578)
	at java.lang.Long.parseLong(Long.java:631)
	at org.elasticsearch.index.mapper.core.NumberFieldMapper.parseLongValue(NumberFieldMapper.java:341)
	at org.elasticsearch.index.mapper.core.LongFieldMapper.termQuery(LongFieldMapper.java:181)
	at org.apache.lucene.queryparser.classic.MapperQueryParser.getFieldQuerySingle(MapperQueryParser.java:257)
	at org.apache.lucene.queryparser.classic.MapperQueryParser.getFieldQuery(MapperQueryParser.java:168)
	at org.apache.lucene.queryparser.classic.QueryParserBase.handleBareTokenQuery(QueryParserBase.java:842)
	at org.apache.lucene.queryparser.classic.QueryParser.Term(QueryParser.java:358)
	at org.apache.lucene.queryparser.classic.QueryParser.Clause(QueryParser.java:257)
	at org.apache.lucene.queryparser.classic.QueryParser.Query(QueryParser.java:181)
	at org.apache.lucene.queryparser.classic.QueryParser.TopLevelQuery(QueryParser.java:170)
	at org.apache.lucene.queryparser.classic.QueryParserBase.parse(QueryParserBase.java:120)
	at org.apache.lucene.queryparser.classic.MapperQueryParser.parse(MapperQueryParser.java:882)
	at org.elasticsearch.index.query.QueryStringQueryParser.parse(QueryStringQueryParser.java:223)
	at org.elasticsearch.index.query.QueryParseContext.parseInnerQuery(QueryParseContext.java:239)
	at org.elasticsearch.index.query.IndexQueryParserService.innerParse(IndexQueryParserService.java:342)
	at org.elasticsearch.index.query.IndexQueryParserService.parse(IndexQueryParserService.java:268)
	at org.elasticsearch.index.query.IndexQueryParserService.parse(IndexQueryParserService.java:263)
	at org.elasticsearch.search.query.QueryParseElement.parse(QueryParseElement.java:33)
	at org.elasticsearch.search.SearchService.parseSource(SearchService.java:644)
	... 9 more
[2015-06-22 22:40:54,654][DEBUG][action.search.type       ] [Anne-Marie Cortez] [search][0], node[hNYU3fSGRQKLGIOYPQPd2g], [P], s[STARTED]: Failed to execute [org.elasticsearch.action.search.SearchRequest@5d2d21b4]
org.elasticsearch.search.SearchParseException: [search][0]: from[-1],size[-1]: Parse Failure [Failed to parse source [{"query":{"query_string":{"query":"id:'1'","lowercase_expanded_terms":true,"analyze_wildcard":false}}}]]
	at org.elasticsearch.search.SearchService.parseSource(SearchService.java:660)
	at org.elasticsearch.search.SearchService.createContext(SearchService.java:517)
	at org.elasticsearch.search.SearchService.createAndPutContext(SearchService.java:488)
	at org.elasticsearch.search.SearchService.executeQueryPhase(SearchService.java:257)
	at org.elasticsearch.search.action.SearchServiceTransportAction$5.call(SearchServiceTransportAction.java:206)
	at org.elasticsearch.search.action.SearchServiceTransportAction$5.call(SearchServiceTransportAction.java:203)
	at org.elasticsearch.search.action.SearchServiceTransportAction$23.run(SearchServiceTransportAction.java:517)
	at java.util.concurrent.ThreadPoolExecutor.runWorker(ThreadPoolExecutor.java:1142)
	at java.util.concurrent.ThreadPoolExecutor$Worker.run(ThreadPoolExecutor.java:617)
	at java.lang.Thread.run(Thread.java:745)
Caused by: java.lang.NumberFormatException: For input string: "'1'"
	at java.lang.NumberFormatException.forInputString(NumberFormatException.java:65)
	at java.lang.Long.parseLong(Long.java:578)
	at java.lang.Long.parseLong(Long.java:631)
	at org.elasticsearch.index.mapper.core.NumberFieldMapper.parseLongValue(NumberFieldMapper.java:341)
	at org.elasticsearch.index.mapper.core.LongFieldMapper.termQuery(LongFieldMapper.java:181)
	at org.apache.lucene.queryparser.classic.MapperQueryParser.getFieldQuerySingle(MapperQueryParser.java:257)
	at org.apache.lucene.queryparser.classic.MapperQueryParser.getFieldQuery(MapperQueryParser.java:168)
	at org.apache.lucene.queryparser.classic.QueryParserBase.handleBareTokenQuery(QueryParserBase.java:842)
	at org.apache.lucene.queryparser.classic.QueryParser.Term(QueryParser.java:358)
	at org.apache.lucene.queryparser.classic.QueryParser.Clause(QueryParser.java:257)
	at org.apache.lucene.queryparser.classic.QueryParser.Query(QueryParser.java:181)
	at org.apache.lucene.queryparser.classic.QueryParser.TopLevelQuery(QueryParser.java:170)
	at org.apache.lucene.queryparser.classic.QueryParserBase.parse(QueryParserBase.java:120)
	at org.apache.lucene.queryparser.classic.MapperQueryParser.parse(MapperQueryParser.java:882)
	at org.elasticsearch.index.query.QueryStringQueryParser.parse(QueryStringQueryParser.java:223)
	at org.elasticsearch.index.query.QueryParseContext.parseInnerQuery(QueryParseContext.java:239)
	at org.elasticsearch.index.query.IndexQueryParserService.innerParse(IndexQueryParserService.java:342)
	at org.elasticsearch.index.query.IndexQueryParserService.parse(IndexQueryParserService.java:268)
	at org.elasticsearch.index.query.IndexQueryParserService.parse(IndexQueryParserService.java:263)
	at org.elasticsearch.search.query.QueryParseElement.parse(QueryParseElement.java:33)
	at org.elasticsearch.search.SearchService.parseSource(SearchService.java:644)
	... 9 more
[2015-06-22 22:40:54,654][DEBUG][action.search.type       ] [Anne-Marie Cortez] [search][2], node[hNYU3fSGRQKLGIOYPQPd2g], [P], s[STARTED]: Failed to execute [org.elasticsearch.action.search.SearchRequest@5d2d21b4] lastShard [true]
org.elasticsearch.search.SearchParseException: [search][2]: from[-1],size[-1]: Parse Failure [Failed to parse source [{"query":{"query_string":{"query":"id:'1'","lowercase_expanded_terms":true,"analyze_wildcard":false}}}]]
	at org.elasticsearch.search.SearchService.parseSource(SearchService.java:660)
	at org.elasticsearch.search.SearchService.createContext(SearchService.java:517)
	at org.elasticsearch.search.SearchService.createAndPutContext(SearchService.java:488)
	at org.elasticsearch.search.SearchService.executeQueryPhase(SearchService.java:257)
	at org.elasticsearch.search.action.SearchServiceTransportAction$5.call(SearchServiceTransportAction.java:206)
	at org.elasticsearch.search.action.SearchServiceTransportAction$5.call(SearchServiceTransportAction.java:203)
	at org.elasticsearch.search.action.SearchServiceTransportAction$23.run(SearchServiceTransportAction.java:517)
	at java.util.concurrent.ThreadPoolExecutor.runWorker(ThreadPoolExecutor.java:1142)
	at java.util.concurrent.ThreadPoolExecutor$Worker.run(ThreadPoolExecutor.java:617)
	at java.lang.Thread.run(Thread.java:745)
Caused by: java.lang.NumberFormatException: For input string: "'1'"
	at java.lang.NumberFormatException.forInputString(NumberFormatException.java:65)
	at java.lang.Long.parseLong(Long.java:578)
	at java.lang.Long.parseLong(Long.java:631)
	at org.elasticsearch.index.mapper.core.NumberFieldMapper.parseLongValue(NumberFieldMapper.java:341)
	at org.elasticsearch.index.mapper.core.LongFieldMapper.termQuery(LongFieldMapper.java:181)
	at org.apache.lucene.queryparser.classic.MapperQueryParser.getFieldQuerySingle(MapperQueryParser.java:257)
	at org.apache.lucene.queryparser.classic.MapperQueryParser.getFieldQuery(MapperQueryParser.java:168)
	at org.apache.lucene.queryparser.classic.QueryParserBase.handleBareTokenQuery(QueryParserBase.java:842)
	at org.apache.lucene.queryparser.classic.QueryParser.Term(QueryParser.java:358)
	at org.apache.lucene.queryparser.classic.QueryParser.Clause(QueryParser.java:257)
	at org.apache.lucene.queryparser.classic.QueryParser.Query(QueryParser.java:181)
	at org.apache.lucene.queryparser.classic.QueryParser.TopLevelQuery(QueryParser.java:170)
	at org.apache.lucene.queryparser.classic.QueryParserBase.parse(QueryParserBase.java:120)
	at org.apache.lucene.queryparser.classic.MapperQueryParser.parse(MapperQueryParser.java:882)
	at org.elasticsearch.index.query.QueryStringQueryParser.parse(QueryStringQueryParser.java:223)
	at org.elasticsearch.index.query.QueryParseContext.parseInnerQuery(QueryParseContext.java:239)
	at org.elasticsearch.index.query.IndexQueryParserService.innerParse(IndexQueryParserService.java:342)
	at org.elasticsearch.index.query.IndexQueryParserService.parse(IndexQueryParserService.java:268)
	at org.elasticsearch.index.query.IndexQueryParserService.parse(IndexQueryParserService.java:263)
	at org.elasticsearch.search.query.QueryParseElement.parse(QueryParseElement.java:33)
	at org.elasticsearch.search.SearchService.parseSource(SearchService.java:644)
	... 9 more
[2015-06-22 22:40:54,654][DEBUG][action.search.type       ] [Anne-Marie Cortez] [search][3], node[hNYU3fSGRQKLGIOYPQPd2g], [P], s[STARTED]: Failed to execute [org.elasticsearch.action.search.SearchRequest@5d2d21b4] lastShard [true]
org.elasticsearch.search.SearchParseException: [search][3]: from[-1],size[-1]: Parse Failure [Failed to parse source [{"query":{"query_string":{"query":"id:'1'","lowercase_expanded_terms":true,"analyze_wildcard":false}}}]]
	at org.elasticsearch.search.SearchService.parseSource(SearchService.java:660)
	at org.elasticsearch.search.SearchService.createContext(SearchService.java:517)
	at org.elasticsearch.search.SearchService.createAndPutContext(SearchService.java:488)
	at org.elasticsearch.search.SearchService.executeQueryPhase(SearchService.java:257)
	at org.elasticsearch.search.action.SearchServiceTransportAction$5.call(SearchServiceTransportAction.java:206)
	at org.elasticsearch.search.action.SearchServiceTransportAction$5.call(SearchServiceTransportAction.java:203)
	at org.elasticsearch.search.action.SearchServiceTransportAction$23.run(SearchServiceTransportAction.java:517)
	at java.util.concurrent.ThreadPoolExecutor.runWorker(ThreadPoolExecutor.java:1142)
	at java.util.concurrent.ThreadPoolExecutor$Worker.run(ThreadPoolExecutor.java:617)
	at java.lang.Thread.run(Thread.java:745)
Caused by: java.lang.NumberFormatException: For input string: "'1'"
	at java.lang.NumberFormatException.forInputString(NumberFormatException.java:65)
	at java.lang.Long.parseLong(Long.java:578)
	at java.lang.Long.parseLong(Long.java:631)
	at org.elasticsearch.index.mapper.core.NumberFieldMapper.parseLongValue(NumberFieldMapper.java:341)
	at org.elasticsearch.index.mapper.core.LongFieldMapper.termQuery(LongFieldMapper.java:181)
	at org.apache.lucene.queryparser.classic.MapperQueryParser.getFieldQuerySingle(MapperQueryParser.java:257)
	at org.apache.lucene.queryparser.classic.MapperQueryParser.getFieldQuery(MapperQueryParser.java:168)
	at org.apache.lucene.queryparser.classic.QueryParserBase.handleBareTokenQuery(QueryParserBase.java:842)
	at org.apache.lucene.queryparser.classic.QueryParser.Term(QueryParser.java:358)
	at org.apache.lucene.queryparser.classic.QueryParser.Clause(QueryParser.java:257)
	at org.apache.lucene.queryparser.classic.QueryParser.Query(QueryParser.java:181)
	at org.apache.lucene.queryparser.classic.QueryParser.TopLevelQuery(QueryParser.java:170)
	at org.apache.lucene.queryparser.classic.QueryParserBase.parse(QueryParserBase.java:120)
	at org.apache.lucene.queryparser.classic.MapperQueryParser.parse(MapperQueryParser.java:882)
	at org.elasticsearch.index.query.QueryStringQueryParser.parse(QueryStringQueryParser.java:223)
	at org.elasticsearch.index.query.QueryParseContext.parseInnerQuery(QueryParseContext.java:239)
	at org.elasticsearch.index.query.IndexQueryParserService.innerParse(IndexQueryParserService.java:342)
	at org.elasticsearch.index.query.IndexQueryParserService.parse(IndexQueryParserService.java:268)
	at org.elasticsearch.index.query.IndexQueryParserService.parse(IndexQueryParserService.java:263)
	at org.elasticsearch.search.query.QueryParseElement.parse(QueryParseElement.java:33)
	at org.elasticsearch.search.SearchService.parseSource(SearchService.java:644)
	... 9 more
[2015-06-22 22:40:54,654][DEBUG][action.search.type       ] [Anne-Marie Cortez] [search][1], node[hNYU3fSGRQKLGIOYPQPd2g], [P], s[STARTED]: Failed to execute [org.elasticsearch.action.search.SearchRequest@5d2d21b4] lastShard [true]
org.elasticsearch.search.SearchParseException: [search][1]: from[-1],size[-1]: Parse Failure [Failed to parse source [{"query":{"query_string":{"query":"id:'1'","lowercase_expanded_terms":true,"analyze_wildcard":false}}}]]
	at org.elasticsearch.search.SearchService.parseSource(SearchService.java:660)
	at org.elasticsearch.search.SearchService.createContext(SearchService.java:517)
	at org.elasticsearch.search.SearchService.createAndPutContext(SearchService.java:488)
	at org.elasticsearch.search.SearchService.executeQueryPhase(SearchService.java:257)
	at org.elasticsearch.search.action.SearchServiceTransportAction$5.call(SearchServiceTransportAction.java:206)
	at org.elasticsearch.search.action.SearchServiceTransportAction$5.call(SearchServiceTransportAction.java:203)
	at org.elasticsearch.search.action.SearchServiceTransportAction$23.run(SearchServiceTransportAction.java:517)
	at java.util.concurrent.ThreadPoolExecutor.runWorker(ThreadPoolExecutor.java:1142)
	at java.util.concurrent.ThreadPoolExecutor$Worker.run(ThreadPoolExecutor.java:617)
	at java.lang.Thread.run(Thread.java:745)
Caused by: java.lang.NumberFormatException: For input string: "'1'"
	at java.lang.NumberFormatException.forInputString(NumberFormatException.java:65)
	at java.lang.Long.parseLong(Long.java:578)
	at java.lang.Long.parseLong(Long.java:631)
	at org.elasticsearch.index.mapper.core.NumberFieldMapper.parseLongValue(NumberFieldMapper.java:341)
	at org.elasticsearch.index.mapper.core.LongFieldMapper.termQuery(LongFieldMapper.java:181)
	at org.apache.lucene.queryparser.classic.MapperQueryParser.getFieldQuerySingle(MapperQueryParser.java:257)
	at org.apache.lucene.queryparser.classic.MapperQueryParser.getFieldQuery(MapperQueryParser.java:168)
	at org.apache.lucene.queryparser.classic.QueryParserBase.handleBareTokenQuery(QueryParserBase.java:842)
	at org.apache.lucene.queryparser.classic.QueryParser.Term(QueryParser.java:358)
	at org.apache.lucene.queryparser.classic.QueryParser.Clause(QueryParser.java:257)
	at org.apache.lucene.queryparser.classic.QueryParser.Query(QueryParser.java:181)
	at org.apache.lucene.queryparser.classic.QueryParser.TopLevelQuery(QueryParser.java:170)
	at org.apache.lucene.queryparser.classic.QueryParserBase.parse(QueryParserBase.java:120)
	at org.apache.lucene.queryparser.classic.MapperQueryParser.parse(MapperQueryParser.java:882)
	at org.elasticsearch.index.query.QueryStringQueryParser.parse(QueryStringQueryParser.java:223)
	at org.elasticsearch.index.query.QueryParseContext.parseInnerQuery(QueryParseContext.java:239)
	at org.elasticsearch.index.query.IndexQueryParserService.innerParse(IndexQueryParserService.java:342)
	at org.elasticsearch.index.query.IndexQueryParserService.parse(IndexQueryParserService.java:268)
	at org.elasticsearch.index.query.IndexQueryParserService.parse(IndexQueryParserService.java:263)
	at org.elasticsearch.search.query.QueryParseElement.parse(QueryParseElement.java:33)
	at org.elasticsearch.search.SearchService.parseSource(SearchService.java:644)
	... 9 more
[2015-06-22 22:40:54,658][DEBUG][action.search.type       ] [Anne-Marie Cortez] All shards failed for phase: [query]
[2015-06-22 22:43:31,473][WARN ][http.netty               ] [Anne-Marie Cortez] Caught exception while handling client http traffic, closing connection [id: 0x42f4432c, /0:0:0:0:0:0:0:1:49452 => /0:0:0:0:0:0:0:1:9200]
java.lang.IllegalArgumentException: invalid escape sequence `%3%' at index 3 of: id:%3%
	at org.elasticsearch.rest.support.RestUtils.decodeComponent(RestUtils.java:185)
	at org.elasticsearch.rest.support.RestUtils.decodeComponent(RestUtils.java:113)
	at org.elasticsearch.rest.support.RestUtils.decodeQueryString(RestUtils.java:89)
	at org.elasticsearch.http.netty.NettyHttpRequest.<init>(NettyHttpRequest.java:61)
	at org.elasticsearch.http.netty.HttpRequestHandler.messageReceived(HttpRequestHandler.java:43)
	at org.elasticsearch.common.netty.channel.SimpleChannelUpstreamHandler.handleUpstream(SimpleChannelUpstreamHandler.java:70)
	at org.elasticsearch.common.netty.channel.DefaultChannelPipeline.sendUpstream(DefaultChannelPipeline.java:564)
	at org.elasticsearch.common.netty.channel.DefaultChannelPipeline$DefaultChannelHandlerContext.sendUpstream(DefaultChannelPipeline.java:791)
	at org.elasticsearch.common.netty.handler.codec.http.HttpChunkAggregator.messageReceived(HttpChunkAggregator.java:145)
	at org.elasticsearch.common.netty.channel.SimpleChannelUpstreamHandler.handleUpstream(SimpleChannelUpstreamHandler.java:70)
	at org.elasticsearch.common.netty.channel.DefaultChannelPipeline.sendUpstream(DefaultChannelPipeline.java:564)
	at org.elasticsearch.common.netty.channel.DefaultChannelPipeline$DefaultChannelHandlerContext.sendUpstream(DefaultChannelPipeline.java:791)
	at org.elasticsearch.common.netty.channel.Channels.fireMessageReceived(Channels.java:296)
	at org.elasticsearch.common.netty.handler.codec.frame.FrameDecoder.unfoldAndFireMessageReceived(FrameDecoder.java:459)
	at org.elasticsearch.common.netty.handler.codec.replay.ReplayingDecoder.callDecode(ReplayingDecoder.java:536)
	at org.elasticsearch.common.netty.handler.codec.replay.ReplayingDecoder.messageReceived(ReplayingDecoder.java:435)
	at org.elasticsearch.common.netty.channel.SimpleChannelUpstreamHandler.handleUpstream(SimpleChannelUpstreamHandler.java:70)
	at org.elasticsearch.common.netty.channel.DefaultChannelPipeline.sendUpstream(DefaultChannelPipeline.java:564)
	at org.elasticsearch.common.netty.channel.DefaultChannelPipeline$DefaultChannelHandlerContext.sendUpstream(DefaultChannelPipeline.java:791)
	at org.elasticsearch.common.netty.OpenChannelsHandler.handleUpstream(OpenChannelsHandler.java:74)
	at org.elasticsearch.common.netty.channel.DefaultChannelPipeline.sendUpstream(DefaultChannelPipeline.java:564)
	at org.elasticsearch.common.netty.channel.DefaultChannelPipeline.sendUpstream(DefaultChannelPipeline.java:559)
	at org.elasticsearch.common.netty.channel.Channels.fireMessageReceived(Channels.java:268)
	at org.elasticsearch.common.netty.channel.Channels.fireMessageReceived(Channels.java:255)
	at org.elasticsearch.common.netty.channel.socket.nio.NioWorker.read(NioWorker.java:88)
	at org.elasticsearch.common.netty.channel.socket.nio.AbstractNioWorker.process(AbstractNioWorker.java:108)
	at org.elasticsearch.common.netty.channel.socket.nio.AbstractNioSelector.run(AbstractNioSelector.java:318)
	at org.elasticsearch.common.netty.channel.socket.nio.AbstractNioWorker.run(AbstractNioWorker.java:89)
	at org.elasticsearch.common.netty.channel.socket.nio.NioWorker.run(NioWorker.java:178)
	at org.elasticsearch.common.netty.util.ThreadRenamingRunnable.run(ThreadRenamingRunnable.java:108)
	at org.elasticsearch.common.netty.util.internal.DeadLockProofWorker$1.run(DeadLockProofWorker.java:42)
	at java.util.concurrent.ThreadPoolExecutor.runWorker(ThreadPoolExecutor.java:1142)
	at java.util.concurrent.ThreadPoolExecutor$Worker.run(ThreadPoolExecutor.java:617)
	at java.lang.Thread.run(Thread.java:745)
[2015-06-22 22:43:31,475][WARN ][http.netty               ] [Anne-Marie Cortez] Caught exception while handling client http traffic, closing connection [id: 0x1813d5f9, /0:0:0:0:0:0:0:1:49485 => /0:0:0:0:0:0:0:1:9200]
java.lang.IllegalArgumentException: invalid escape sequence `%3%' at index 3 of: id:%3%
	at org.elasticsearch.rest.support.RestUtils.decodeComponent(RestUtils.java:185)
	at org.elasticsearch.rest.support.RestUtils.decodeComponent(RestUtils.java:113)
	at org.elasticsearch.rest.support.RestUtils.decodeQueryString(RestUtils.java:89)
	at org.elasticsearch.http.netty.NettyHttpRequest.<init>(NettyHttpRequest.java:61)
	at org.elasticsearch.http.netty.HttpRequestHandler.messageReceived(HttpRequestHandler.java:43)
	at org.elasticsearch.common.netty.channel.SimpleChannelUpstreamHandler.handleUpstream(SimpleChannelUpstreamHandler.java:70)
	at org.elasticsearch.common.netty.channel.DefaultChannelPipeline.sendUpstream(DefaultChannelPipeline.java:564)
	at org.elasticsearch.common.netty.channel.DefaultChannelPipeline$DefaultChannelHandlerContext.sendUpstream(DefaultChannelPipeline.java:791)
	at org.elasticsearch.common.netty.handler.codec.http.HttpChunkAggregator.messageReceived(HttpChunkAggregator.java:145)
	at org.elasticsearch.common.netty.channel.SimpleChannelUpstreamHandler.handleUpstream(SimpleChannelUpstreamHandler.java:70)
	at org.elasticsearch.common.netty.channel.DefaultChannelPipeline.sendUpstream(DefaultChannelPipeline.java:564)
	at org.elasticsearch.common.netty.channel.DefaultChannelPipeline$DefaultChannelHandlerContext.sendUpstream(DefaultChannelPipeline.java:791)
	at org.elasticsearch.common.netty.channel.Channels.fireMessageReceived(Channels.java:296)
	at org.elasticsearch.common.netty.handler.codec.frame.FrameDecoder.unfoldAndFireMessageReceived(FrameDecoder.java:459)
	at org.elasticsearch.common.netty.handler.codec.replay.ReplayingDecoder.callDecode(ReplayingDecoder.java:536)
	at org.elasticsearch.common.netty.handler.codec.replay.ReplayingDecoder.messageReceived(ReplayingDecoder.java:435)
	at org.elasticsearch.common.netty.channel.SimpleChannelUpstreamHandler.handleUpstream(SimpleChannelUpstreamHandler.java:70)
	at org.elasticsearch.common.netty.channel.DefaultChannelPipeline.sendUpstream(DefaultChannelPipeline.java:564)
	at org.elasticsearch.common.netty.channel.DefaultChannelPipeline$DefaultChannelHandlerContext.sendUpstream(DefaultChannelPipeline.java:791)
	at org.elasticsearch.common.netty.OpenChannelsHandler.handleUpstream(OpenChannelsHandler.java:74)
	at org.elasticsearch.common.netty.channel.DefaultChannelPipeline.sendUpstream(DefaultChannelPipeline.java:564)
	at org.elasticsearch.common.netty.channel.DefaultChannelPipeline.sendUpstream(DefaultChannelPipeline.java:559)
	at org.elasticsearch.common.netty.channel.Channels.fireMessageReceived(Channels.java:268)
	at org.elasticsearch.common.netty.channel.Channels.fireMessageReceived(Channels.java:255)
	at org.elasticsearch.common.netty.channel.socket.nio.NioWorker.read(NioWorker.java:88)
	at org.elasticsearch.common.netty.channel.socket.nio.AbstractNioWorker.process(AbstractNioWorker.java:108)
	at org.elasticsearch.common.netty.channel.socket.nio.AbstractNioSelector.run(AbstractNioSelector.java:318)
	at org.elasticsearch.common.netty.channel.socket.nio.AbstractNioWorker.run(AbstractNioWorker.java:89)
	at org.elasticsearch.common.netty.channel.socket.nio.NioWorker.run(NioWorker.java:178)
	at org.elasticsearch.common.netty.util.ThreadRenamingRunnable.run(ThreadRenamingRunnable.java:108)
	at org.elasticsearch.common.netty.util.internal.DeadLockProofWorker$1.run(DeadLockProofWorker.java:42)
	at java.util.concurrent.ThreadPoolExecutor.runWorker(ThreadPoolExecutor.java:1142)
	at java.util.concurrent.ThreadPoolExecutor$Worker.run(ThreadPoolExecutor.java:617)
	at java.lang.Thread.run(Thread.java:745)
[2015-06-22 22:43:31,477][WARN ][http.netty               ] [Anne-Marie Cortez] Caught exception while handling client http traffic, closing connection [id: 0x67f495b5, /0:0:0:0:0:0:0:1:49486 => /0:0:0:0:0:0:0:1:9200]
java.lang.IllegalArgumentException: invalid escape sequence `%3%' at index 3 of: id:%3%
	at org.elasticsearch.rest.support.RestUtils.decodeComponent(RestUtils.java:185)
	at org.elasticsearch.rest.support.RestUtils.decodeComponent(RestUtils.java:113)
	at org.elasticsearch.rest.support.RestUtils.decodeQueryString(RestUtils.java:89)
	at org.elasticsearch.http.netty.NettyHttpRequest.<init>(NettyHttpRequest.java:61)
	at org.elasticsearch.http.netty.HttpRequestHandler.messageReceived(HttpRequestHandler.java:43)
	at org.elasticsearch.common.netty.channel.SimpleChannelUpstreamHandler.handleUpstream(SimpleChannelUpstreamHandler.java:70)
	at org.elasticsearch.common.netty.channel.DefaultChannelPipeline.sendUpstream(DefaultChannelPipeline.java:564)
	at org.elasticsearch.common.netty.channel.DefaultChannelPipeline$DefaultChannelHandlerContext.sendUpstream(DefaultChannelPipeline.java:791)
	at org.elasticsearch.common.netty.handler.codec.http.HttpChunkAggregator.messageReceived(HttpChunkAggregator.java:145)
	at org.elasticsearch.common.netty.channel.SimpleChannelUpstreamHandler.handleUpstream(SimpleChannelUpstreamHandler.java:70)
	at org.elasticsearch.common.netty.channel.DefaultChannelPipeline.sendUpstream(DefaultChannelPipeline.java:564)
	at org.elasticsearch.common.netty.channel.DefaultChannelPipeline$DefaultChannelHandlerContext.sendUpstream(DefaultChannelPipeline.java:791)
	at org.elasticsearch.common.netty.channel.Channels.fireMessageReceived(Channels.java:296)
	at org.elasticsearch.common.netty.handler.codec.frame.FrameDecoder.unfoldAndFireMessageReceived(FrameDecoder.java:459)
	at org.elasticsearch.common.netty.handler.codec.replay.ReplayingDecoder.callDecode(ReplayingDecoder.java:536)
	at org.elasticsearch.common.netty.handler.codec.replay.ReplayingDecoder.messageReceived(ReplayingDecoder.java:435)
	at org.elasticsearch.common.netty.channel.SimpleChannelUpstreamHandler.handleUpstream(SimpleChannelUpstreamHandler.java:70)
	at org.elasticsearch.common.netty.channel.DefaultChannelPipeline.sendUpstream(DefaultChannelPipeline.java:564)
	at org.elasticsearch.common.netty.channel.DefaultChannelPipeline$DefaultChannelHandlerContext.sendUpstream(DefaultChannelPipeline.java:791)
	at org.elasticsearch.common.netty.OpenChannelsHandler.handleUpstream(OpenChannelsHandler.java:74)
	at org.elasticsearch.common.netty.channel.DefaultChannelPipeline.sendUpstream(DefaultChannelPipeline.java:564)
	at org.elasticsearch.common.netty.channel.DefaultChannelPipeline.sendUpstream(DefaultChannelPipeline.java:559)
	at org.elasticsearch.common.netty.channel.Channels.fireMessageReceived(Channels.java:268)
	at org.elasticsearch.common.netty.channel.Channels.fireMessageReceived(Channels.java:255)
	at org.elasticsearch.common.netty.channel.socket.nio.NioWorker.read(NioWorker.java:88)
	at org.elasticsearch.common.netty.channel.socket.nio.AbstractNioWorker.process(AbstractNioWorker.java:108)
	at org.elasticsearch.common.netty.channel.socket.nio.AbstractNioSelector.run(AbstractNioSelector.java:318)
	at org.elasticsearch.common.netty.channel.socket.nio.AbstractNioWorker.run(AbstractNioWorker.java:89)
	at org.elasticsearch.common.netty.channel.socket.nio.NioWorker.run(NioWorker.java:178)
	at org.elasticsearch.common.netty.util.ThreadRenamingRunnable.run(ThreadRenamingRunnable.java:108)
	at org.elasticsearch.common.netty.util.internal.DeadLockProofWorker$1.run(DeadLockProofWorker.java:42)
	at java.util.concurrent.ThreadPoolExecutor.runWorker(ThreadPoolExecutor.java:1142)
	at java.util.concurrent.ThreadPoolExecutor$Worker.run(ThreadPoolExecutor.java:617)
	at java.lang.Thread.run(Thread.java:745)
[2015-06-22 22:43:31,513][WARN ][http.netty               ] [Anne-Marie Cortez] Caught exception while handling client http traffic, closing connection [id: 0xca922623, /0:0:0:0:0:0:0:1:49487 => /0:0:0:0:0:0:0:1:9200]
java.lang.IllegalArgumentException: invalid escape sequence `%3%' at index 3 of: id:%3%
	at org.elasticsearch.rest.support.RestUtils.decodeComponent(RestUtils.java:185)
	at org.elasticsearch.rest.support.RestUtils.decodeComponent(RestUtils.java:113)
	at org.elasticsearch.rest.support.RestUtils.decodeQueryString(RestUtils.java:89)
	at org.elasticsearch.http.netty.NettyHttpRequest.<init>(NettyHttpRequest.java:61)
	at org.elasticsearch.http.netty.HttpRequestHandler.messageReceived(HttpRequestHandler.java:43)
	at org.elasticsearch.common.netty.channel.SimpleChannelUpstreamHandler.handleUpstream(SimpleChannelUpstreamHandler.java:70)
	at org.elasticsearch.common.netty.channel.DefaultChannelPipeline.sendUpstream(DefaultChannelPipeline.java:564)
	at org.elasticsearch.common.netty.channel.DefaultChannelPipeline$DefaultChannelHandlerContext.sendUpstream(DefaultChannelPipeline.java:791)
	at org.elasticsearch.common.netty.handler.codec.http.HttpChunkAggregator.messageReceived(HttpChunkAggregator.java:145)
	at org.elasticsearch.common.netty.channel.SimpleChannelUpstreamHandler.handleUpstream(SimpleChannelUpstreamHandler.java:70)
	at org.elasticsearch.common.netty.channel.DefaultChannelPipeline.sendUpstream(DefaultChannelPipeline.java:564)
	at org.elasticsearch.common.netty.channel.DefaultChannelPipeline$DefaultChannelHandlerContext.sendUpstream(DefaultChannelPipeline.java:791)
	at org.elasticsearch.common.netty.channel.Channels.fireMessageReceived(Channels.java:296)
	at org.elasticsearch.common.netty.handler.codec.frame.FrameDecoder.unfoldAndFireMessageReceived(FrameDecoder.java:459)
	at org.elasticsearch.common.netty.handler.codec.replay.ReplayingDecoder.callDecode(ReplayingDecoder.java:536)
	at org.elasticsearch.common.netty.handler.codec.replay.ReplayingDecoder.messageReceived(ReplayingDecoder.java:435)
	at org.elasticsearch.common.netty.channel.SimpleChannelUpstreamHandler.handleUpstream(SimpleChannelUpstreamHandler.java:70)
	at org.elasticsearch.common.netty.channel.DefaultChannelPipeline.sendUpstream(DefaultChannelPipeline.java:564)
	at org.elasticsearch.common.netty.channel.DefaultChannelPipeline$DefaultChannelHandlerContext.sendUpstream(DefaultChannelPipeline.java:791)
	at org.elasticsearch.common.netty.OpenChannelsHandler.handleUpstream(OpenChannelsHandler.java:74)
	at org.elasticsearch.common.netty.channel.DefaultChannelPipeline.sendUpstream(DefaultChannelPipeline.java:564)
	at org.elasticsearch.common.netty.channel.DefaultChannelPipeline.sendUpstream(DefaultChannelPipeline.java:559)
	at org.elasticsearch.common.netty.channel.Channels.fireMessageReceived(Channels.java:268)
	at org.elasticsearch.common.netty.channel.Channels.fireMessageReceived(Channels.java:255)
	at org.elasticsearch.common.netty.channel.socket.nio.NioWorker.read(NioWorker.java:88)
	at org.elasticsearch.common.netty.channel.socket.nio.AbstractNioWorker.process(AbstractNioWorker.java:108)
	at org.elasticsearch.common.netty.channel.socket.nio.AbstractNioSelector.run(AbstractNioSelector.java:318)
	at org.elasticsearch.common.netty.channel.socket.nio.AbstractNioWorker.run(AbstractNioWorker.java:89)
	at org.elasticsearch.common.netty.channel.socket.nio.NioWorker.run(NioWorker.java:178)
	at org.elasticsearch.common.netty.util.ThreadRenamingRunnable.run(ThreadRenamingRunnable.java:108)
	at org.elasticsearch.common.netty.util.internal.DeadLockProofWorker$1.run(DeadLockProofWorker.java:42)
	at java.util.concurrent.ThreadPoolExecutor.runWorker(ThreadPoolExecutor.java:1142)
	at java.util.concurrent.ThreadPoolExecutor$Worker.run(ThreadPoolExecutor.java:617)
	at java.lang.Thread.run(Thread.java:745)
